Using pre-set license
Built from '2021.3/release' branch; Version is '2021.3.17f1 (3e8111cac19d) revision 4096273'; Using compiler version '192829333'; Build Type 'Release'
OS: 'Windows 11  (10.0.22621) 64bit Professional' Language: 'en' Physical Memory: 32694 MB
BatchMode: 1, IsHumanControllingUs: 0, StartBugReporterOnCrash: 0, Is64bit: 1, IsPro: 1

COMMAND LINE ARGUMENTS:
C:\Program Files\Unity\Hub\Editor\2021.3.17f1\Editor\Unity.exe
-adb2
-batchMode
-noUpm
-name
AssetImportWorker2
-projectPath
C:/Users/Dev/Chrono Titans
-logFile
Logs/AssetImportWorker2.log
-srvPort
63444
Successfully changed project path to: C:/Users/Dev/Chrono Titans
C:/Users/Dev/Chrono Titans
[UnityMemory] Configuration Parameters - Can be set up in boot.config
    "memorysetup-bucket-allocator-granularity=16"
    "memorysetup-bucket-allocator-bucket-count=8"
    "memorysetup-bucket-allocator-block-size=33554432"
    "memorysetup-bucket-allocator-block-count=8"
    "memorysetup-main-allocator-block-size=16777216"
    "memorysetup-thread-allocator-block-size=16777216"
    "memorysetup-gfx-main-allocator-block-size=16777216"
    "memorysetup-gfx-thread-allocator-block-size=16777216"
    "memorysetup-cache-allocator-block-size=4194304"
    "memorysetup-typetree-allocator-block-size=2097152"
    "memorysetup-profiler-bucket-allocator-granularity=16"
    "memorysetup-profiler-bucket-allocator-bucket-count=8"
    "memorysetup-profiler-bucket-allocator-block-size=33554432"
    "memorysetup-profiler-bucket-allocator-block-count=8"
    "memorysetup-profiler-allocator-block-size=16777216"
    "memorysetup-profiler-editor-allocator-block-size=1048576"
    "memorysetup-temp-allocator-size-main=16777216"
    "memorysetup-job-temp-allocator-block-size=2097152"
    "memorysetup-job-temp-allocator-block-size-background=1048576"
    "memorysetup-job-temp-allocator-reduction-small-platforms=262144"
    "memorysetup-temp-allocator-size-background-worker=32768"
    "memorysetup-temp-allocator-size-job-worker=262144"
    "memorysetup-temp-allocator-size-preload-manager=33554432"
    "memorysetup-temp-allocator-size-nav-mesh-worker=65536"
    "memorysetup-temp-allocator-size-audio-worker=65536"
    "memorysetup-temp-allocator-size-cloud-worker=32768"
    "memorysetup-temp-allocator-size-gi-baking-worker=262144"
    "memorysetup-temp-allocator-size-gfx=262144"
Player connection [21688] Host "[IP] 192.168.0.72 [Port] 0 [Flags] 2 [Guid] 3810160900 [EditorId] 3810160900 [Version] 1048832 [Id] WindowsEditor(7,DESKTOP-DEV) [Debug] 1 [PackageName] WindowsEditor [ProjectName] Editor" joined multi-casting on [225.0.0.222:54997]...

Player connection [21688] Host "[IP] 192.168.0.72 [Port] 0 [Flags] 2 [Guid] 3810160900 [EditorId] 3810160900 [Version] 1048832 [Id] WindowsEditor(7,DESKTOP-DEV) [Debug] 1 [PackageName] WindowsEditor [ProjectName] Editor" joined alternative multi-casting on [225.0.0.222:34997]...

Refreshing native plugins compatible for Editor in 101.48 ms, found 3 plugins.
Preloading 0 native plugins for Editor in 0.00 ms.
Initialize engine version: 2021.3.17f1 (3e8111cac19d)
[Subsystems] Discovering subsystems at path C:/Program Files/Unity/Hub/Editor/2021.3.17f1/Editor/Data/Resources/UnitySubsystems
[Subsystems] Discovering subsystems at path C:/Users/Dev/Chrono Titans/Assets
GfxDevice: creating device client; threaded=0; jobified=0
Direct3D:
    Version:  Direct3D 11.0 [level 11.1]
    Renderer: Intel(R) Arc(TM) A770 Graphics (ID=0x56a0)
    Vendor:   Intel
    VRAM:     16256 MB
    Driver:   31.0.101.4091
Initialize mono
Mono path[0] = 'C:/Program Files/Unity/Hub/Editor/2021.3.17f1/Editor/Data/Managed'
Mono path[1] = 'C:/Program Files/Unity/Hub/Editor/2021.3.17f1/Editor/Data/MonoBleedingEdge/lib/mono/unityjit-win32'
Mono config path = 'C:/Program Files/Unity/Hub/Editor/2021.3.17f1/Editor/Data/MonoBleedingEdge/etc'
Using monoOptions --debugger-agent=transport=dt_socket,embedding=1,server=y,suspend=n,address=127.0.0.1:56112
Begin MonoManager ReloadAssembly
Registering precompiled unity dll's ...
Register platform support module: C:/Program Files/Unity/Hub/Editor/2021.3.17f1/Editor/Data/PlaybackEngines/WindowsStandaloneSupport/UnityEditor.WindowsStandalone.Extensions.dll
Registered in 0.003527 seconds.
Native extension for WindowsStandalone target not found
Refreshing native plugins compatible for Editor in 97.20 ms, found 3 plugins.
Preloading 0 native plugins for Editor in 0.00 ms.
Mono: successfully reloaded assembly
- Completed reload, in  0.494 seconds
Domain Reload Profiling:
	ReloadAssembly (494ms)
		BeginReloadAssembly (50ms)
			ExecutionOrderSort (0ms)
			DisableScriptedObjects (0ms)
			BackupInstance (0ms)
			ReleaseScriptingObjects (0ms)
			CreateAndSetChildDomain (1ms)
		EndReloadAssembly (362ms)
			LoadAssemblies (49ms)
			RebuildTransferFunctionScriptingTraits (0ms)
			SetupTypeCache (64ms)
			ReleaseScriptCaches (0ms)
			RebuildScriptCaches (18ms)
			SetupLoadedEditorAssemblies (243ms)
				LogAssemblyErrors (0ms)
				InitializePlatformSupportModulesInManaged (5ms)
				SetLoadedEditorAssemblies (0ms)
				RefreshPlugins (97ms)
				BeforeProcessingInitializeOnLoad (1ms)
				ProcessInitializeOnLoadAttributes (107ms)
				ProcessInitializeOnLoadMethodAttributes (33ms)
				AfterProcessingInitializeOnLoad (0ms)
				EditorAssembliesLoaded (0ms)
			ExecutionOrderSort2 (0ms)
			AwakeInstancesAfterBackupRestoration (0ms)
Platform modules already initialized, skipping
Registering precompiled user dll's ...
Registered in 0.007998 seconds.
Begin MonoManager ReloadAssembly
Symbol file LoadedFromMemory doesn't match image C:\Users\Dev\Chrono Titans\Library\PackageCache\com.unity.visualscripting@1.8.0\Editor\VisualScripting.Core\Dependencies\DotNetZip\Unity.VisualScripting.IonicZip.dll
Symbol file LoadedFromMemory doesn't match image C:\Users\Dev\Chrono Titans\Library\PackageCache\com.unity.visualscripting@1.8.0\Editor\VisualScripting.Core\Dependencies\YamlDotNet\Unity.VisualScripting.YamlDotNet.dll
Native extension for WindowsStandalone target not found
Refreshing native plugins compatible for Editor in 98.01 ms, found 3 plugins.
Preloading 0 native plugins for Editor in 0.00 ms.
Mono: successfully reloaded assembly
- Completed reload, in  1.105 seconds
Domain Reload Profiling:
	ReloadAssembly (1105ms)
		BeginReloadAssembly (85ms)
			ExecutionOrderSort (0ms)
			DisableScriptedObjects (5ms)
			BackupInstance (0ms)
			ReleaseScriptingObjects (0ms)
			CreateAndSetChildDomain (15ms)
		EndReloadAssembly (935ms)
			LoadAssemblies (72ms)
			RebuildTransferFunctionScriptingTraits (0ms)
			SetupTypeCache (259ms)
			ReleaseScriptCaches (1ms)
			RebuildScriptCaches (46ms)
			SetupLoadedEditorAssemblies (525ms)
				LogAssemblyErrors (0ms)
				InitializePlatformSupportModulesInManaged (3ms)
				SetLoadedEditorAssemblies (0ms)
				RefreshPlugins (98ms)
				BeforeProcessingInitializeOnLoad (103ms)
				ProcessInitializeOnLoadAttributes (196ms)
				ProcessInitializeOnLoadMethodAttributes (119ms)
				AfterProcessingInitializeOnLoad (5ms)
				EditorAssembliesLoaded (0ms)
			ExecutionOrderSort2 (0ms)
			AwakeInstancesAfterBackupRestoration (4ms)
Platform modules already initialized, skipping
========================================================================
Worker process is ready to serve import requests
Launched and connected shader compiler UnityShaderCompiler.exe after 0.04 seconds
Refreshing native plugins compatible for Editor in 1.92 ms, found 3 plugins.
Preloading 0 native plugins for Editor in 0.00 ms.
Unloading 5931 Unused Serialized files (Serialized files now loaded: 0)
Unloading 76 unused Assets / (0.7 MB). Loaded Objects now: 6373.
Memory consumption went from 240.0 MB to 239.3 MB.
Total: 5.860600 ms (FindLiveObjects: 0.345800 ms CreateObjectMapping: 0.273000 ms MarkObjects: 5.014200 ms  DeleteObjects: 0.226800 ms)

AssetImportParameters requested are different than current active one (requested -> active):
  custom:video-decoder-ogg-theora: a1e56fd34408186e4bbccfd4996cb3dc -> 
  custom:container-muxer-webm: aa71ff27fc2769a1b78a27578f13a17b -> 
  custom:container-demuxer-webm: 4f35f7cbe854078d1ac9338744f61a02 -> 
  custom:video-encoder-webm-vp8: eb34c28f22e8b96e1ab97ce403110664 -> 
  custom:audio-encoder-webm-vorbis: bf7c407c2cedff20999df2af8eb42d56 -> 
  custom:framework-win-MediaFoundation: 216162199b28c13a410421893ffa2e32 -> 
  custom:container-demuxer-ogg: 62fdf1f143b41e24485cea50d1cbac27 -> 
  custom:video-decoder-webm-vp8: 9c59270c3fd7afecdb556c50c9e8de78 -> 
  custom:audio-decoder-ogg-vorbis: bf7c407c2cedff20999df2af8eb42d56 -> 
========================================================================
Received Prepare
Registering precompiled user dll's ...
Registered in 0.006490 seconds.
Begin MonoManager ReloadAssembly
Symbol file LoadedFromMemory doesn't match image C:\Users\Dev\Chrono Titans\Library\PackageCache\com.unity.visualscripting@1.8.0\Editor\VisualScripting.Core\Dependencies\DotNetZip\Unity.VisualScripting.IonicZip.dll
Symbol file LoadedFromMemory doesn't match image C:\Users\Dev\Chrono Titans\Library\PackageCache\com.unity.visualscripting@1.8.0\Editor\VisualScripting.Core\Dependencies\YamlDotNet\Unity.VisualScripting.YamlDotNet.dll
Native extension for WindowsStandalone target not found
Refreshing native plugins compatible for Editor in 1.02 ms, found 3 plugins.
Preloading 0 native plugins for Editor in 0.00 ms.
Mono: successfully reloaded assembly
- Completed reload, in  0.993 seconds
Domain Reload Profiling:
	ReloadAssembly (994ms)
		BeginReloadAssembly (105ms)
			ExecutionOrderSort (0ms)
			DisableScriptedObjects (5ms)
			BackupInstance (0ms)
			ReleaseScriptingObjects (0ms)
			CreateAndSetChildDomain (33ms)
		EndReloadAssembly (818ms)
			LoadAssemblies (68ms)
			RebuildTransferFunctionScriptingTraits (0ms)
			SetupTypeCache (226ms)
			ReleaseScriptCaches (2ms)
			RebuildScriptCaches (48ms)
			SetupLoadedEditorAssemblies (437ms)
				LogAssemblyErrors (0ms)
				InitializePlatformSupportModulesInManaged (9ms)
				SetLoadedEditorAssemblies (1ms)
				RefreshPlugins (1ms)
				BeforeProcessingInitializeOnLoad (112ms)
				ProcessInitializeOnLoadAttributes (187ms)
				ProcessInitializeOnLoadMethodAttributes (122ms)
				AfterProcessingInitializeOnLoad (6ms)
				EditorAssembliesLoaded (0ms)
			ExecutionOrderSort2 (0ms)
			AwakeInstancesAfterBackupRestoration (5ms)
Platform modules already initialized, skipping
Refreshing native plugins compatible for Editor in 4.80 ms, found 3 plugins.
Preloading 0 native plugins for Editor in 0.00 ms.
Unloading 5840 Unused Serialized files (Serialized files now loaded: 0)
Unloading 66 unused Assets / (0.7 MB). Loaded Objects now: 6376.
Memory consumption went from 231.0 MB to 230.3 MB.
Total: 5.861400 ms (FindLiveObjects: 0.274700 ms CreateObjectMapping: 0.233900 ms MarkObjects: 5.122300 ms  DeleteObjects: 0.229600 ms)

AssetImportParameters requested are different than current active one (requested -> active):
  custom:video-decoder-ogg-theora: a1e56fd34408186e4bbccfd4996cb3dc -> 
  custom:container-muxer-webm: aa71ff27fc2769a1b78a27578f13a17b -> 
  custom:container-demuxer-webm: 4f35f7cbe854078d1ac9338744f61a02 -> 
  custom:video-encoder-webm-vp8: eb34c28f22e8b96e1ab97ce403110664 -> 
  custom:audio-encoder-webm-vorbis: bf7c407c2cedff20999df2af8eb42d56 -> 
  custom:framework-win-MediaFoundation: 216162199b28c13a410421893ffa2e32 -> 
  custom:container-demuxer-ogg: 62fdf1f143b41e24485cea50d1cbac27 -> 
  custom:video-decoder-webm-vp8: 9c59270c3fd7afecdb556c50c9e8de78 -> 
  custom:audio-decoder-ogg-vorbis: bf7c407c2cedff20999df2af8eb42d56 -> 
========================================================================
Received Import Request.
  Time since last request: 170547.318028 seconds.
  path: Assets/Map Gen/Standard Assets/Characters/FirstPersonCharacter
  artifactKey: Guid(943e057eaae705e43b9e9b2e53d6adb0) Importer(815301076,1909f56bfc062723c751e8b465ee728b)
Start importing Assets/Map Gen/Standard Assets/Characters/FirstPersonCharacter using Guid(943e057eaae705e43b9e9b2e53d6adb0) Importer(815301076,1909f56bfc062723c751e8b465ee728b)  -> (artifact id: '91d5e78116abae06e2c4de5df98e5e47') in 0.010771 seconds 
========================================================================
Received Import Request.
  Time since last request: 0.980471 seconds.
  path: Assets/Map Gen/Standard Assets/Characters/FirstPersonCharacter/Prefabs
  artifactKey: Guid(0bfb2599080d5d24e84362b4ae314ae7) Importer(815301076,1909f56bfc062723c751e8b465ee728b)
Start importing Assets/Map Gen/Standard Assets/Characters/FirstPersonCharacter/Prefabs using Guid(0bfb2599080d5d24e84362b4ae314ae7) Importer(815301076,1909f56bfc062723c751e8b465ee728b)  -> (artifact id: 'd369ef96d7b81e2ace112df720838aba') in 0.003806 seconds 
========================================================================
Received Import Request.
  Time since last request: 0.062997 seconds.
  path: Assets/Map Gen/Standard Assets/Characters/FirstPersonCharacter/Prefabs/RigidBodyFPSController.prefab
  artifactKey: Guid(c6453f8e1f814744d8b94e5a6d1f9942) Importer(815301076,1909f56bfc062723c751e8b465ee728b)
Start importing Assets/Map Gen/Standard Assets/Characters/FirstPersonCharacter/Prefabs/RigidBodyFPSController.prefab using Guid(c6453f8e1f814744d8b94e5a6d1f9942) Importer(815301076,1909f56bfc062723c751e8b465ee728b)  -> (artifact id: 'ae477cc9d105b7c51ad58d8c60f770fb') in 0.030658 seconds 
========================================================================
Received Import Request.
  Time since last request: 13.586325 seconds.
  path: Assets/Map Gen/Scripts/MeshGenerator.cs
  artifactKey: Guid(7939d15f4beb24a65bc949a0e3c02d5e) Importer(815301076,1909f56bfc062723c751e8b465ee728b)
Start importing Assets/Map Gen/Scripts/MeshGenerator.cs using Guid(7939d15f4beb24a65bc949a0e3c02d5e) Importer(815301076,1909f56bfc062723c751e8b465ee728b)  -> (artifact id: '816103161c211343e8c36f90df94a1e1') in 0.006191 seconds 
========================================================================
Received Import Request.
  Time since last request: 0.353098 seconds.
  path: Assets/Map Gen/Scripts/MapPreview.cs
  artifactKey: Guid(3949029a2149e4d748707cec868ce059) Importer(815301076,1909f56bfc062723c751e8b465ee728b)
Start importing Assets/Map Gen/Scripts/MapPreview.cs using Guid(3949029a2149e4d748707cec868ce059) Importer(815301076,1909f56bfc062723c751e8b465ee728b)  -> (artifact id: '1398544b3d7249bc88a4fe71867bd09b') in 0.003793 seconds 
========================================================================
Received Import Request.
  Time since last request: 0.845911 seconds.
  path: Assets/Map Gen/Scripts/FalloffGenerator.cs
  artifactKey: Guid(94ecc0bec425d4c9a94a55c7bc8f1fea) Importer(815301076,1909f56bfc062723c751e8b465ee728b)
Start importing Assets/Map Gen/Scripts/FalloffGenerator.cs using Guid(94ecc0bec425d4c9a94a55c7bc8f1fea) Importer(815301076,1909f56bfc062723c751e8b465ee728b)  -> (artifact id: '33732fbf080d80830a9c0b23c2acab43') in 0.003874 seconds 
========================================================================
Received Import Request.
  Time since last request: 0.628925 seconds.
  path: Assets/Map Gen/Scripts/HeightMapGenerator.cs
  artifactKey: Guid(80a00a52d74ab4bd499aab44a48fb9c2) Importer(815301076,1909f56bfc062723c751e8b465ee728b)
Start importing Assets/Map Gen/Scripts/HeightMapGenerator.cs using Guid(80a00a52d74ab4bd499aab44a48fb9c2) Importer(815301076,1909f56bfc062723c751e8b465ee728b)  -> (artifact id: '4aa19a7cf1bfc50ec593219b60ee2d44') in 0.004021 seconds 
========================================================================
Received Import Request.
  Time since last request: 0.272544 seconds.
  path: Assets/Map Gen/Scripts/HideOnPlay.cs
  artifactKey: Guid(7712ca4b498404cc5931aea5ebc20f51) Importer(815301076,1909f56bfc062723c751e8b465ee728b)
Start importing Assets/Map Gen/Scripts/HideOnPlay.cs using Guid(7712ca4b498404cc5931aea5ebc20f51) Importer(815301076,1909f56bfc062723c751e8b465ee728b)  -> (artifact id: 'd45ed2a7eb8bd917f573c2ae3d2b592f') in 0.003803 seconds 
========================================================================
Received Import Request.
  Time since last request: 2.921724 seconds.
  path: Assets/Map Gen/Scripts/ThreadedDataRequester.cs
  artifactKey: Guid(60765b39c6679414382a47b20bd4a882) Importer(815301076,1909f56bfc062723c751e8b465ee728b)
Start importing Assets/Map Gen/Scripts/ThreadedDataRequester.cs using Guid(60765b39c6679414382a47b20bd4a882) Importer(815301076,1909f56bfc062723c751e8b465ee728b)  -> (artifact id: '9cb88f35f168d4d2077eddb7ef6218c2') in 0.003890 seconds 
========================================================================
Received Import Request.
  Time since last request: 0.945151 seconds.
  path: Assets/Map Gen/Scripts/TextureGenerator.cs
  artifactKey: Guid(df7acc444474841759c3b95c7ef6d1c3) Importer(815301076,1909f56bfc062723c751e8b465ee728b)
Start importing Assets/Map Gen/Scripts/TextureGenerator.cs using Guid(df7acc444474841759c3b95c7ef6d1c3) Importer(815301076,1909f56bfc062723c751e8b465ee728b)  -> (artifact id: 'f3284794d03a1f05fa6116003fdd5a16') in 0.003842 seconds 
========================================================================
Received Import Request.
  Time since last request: 0.668930 seconds.
  path: Assets/Map Gen/Scripts/TerrainChunk.cs
  artifactKey: Guid(63d2a970007f84193bf05f8f667daa73) Importer(815301076,1909f56bfc062723c751e8b465ee728b)
Start importing Assets/Map Gen/Scripts/TerrainChunk.cs using Guid(63d2a970007f84193bf05f8f667daa73) Importer(815301076,1909f56bfc062723c751e8b465ee728b)  -> (artifact id: 'fe52ac46234cfa12935d2b2a382228e2') in 0.003994 seconds 
========================================================================
Received Import Request.
  Time since last request: 1.201707 seconds.
  path: Assets/Map Gen/Scripts/Terrain.shader
  artifactKey: Guid(e9c611933fe9745ebbd2c506d7711c71) Importer(815301076,1909f56bfc062723c751e8b465ee728b)
Start importing Assets/Map Gen/Scripts/Terrain.shader using Guid(e9c611933fe9745ebbd2c506d7711c71) Importer(815301076,1909f56bfc062723c751e8b465ee728b)  -> (artifact id: 'd9507d2eef9539850739f0b22d111061') in 0.005383 seconds 
========================================================================
Received Import Request.
  Time since last request: 2.271096 seconds.
  path: Assets/Map Gen/Scripts/Noise.cs
  artifactKey: Guid(d4ed0d0ddb42c4af290db1cea4b1264f) Importer(815301076,1909f56bfc062723c751e8b465ee728b)
Start importing Assets/Map Gen/Scripts/Noise.cs using Guid(d4ed0d0ddb42c4af290db1cea4b1264f) Importer(815301076,1909f56bfc062723c751e8b465ee728b)  -> (artifact id: '049c6b54c6b8dd51dad5f426ca3b98d0') in 0.003869 seconds 
========================================================================
Received Import Request.
  Time since last request: 89.493570 seconds.
  path: Assets/Map Gen/Textures/Grass.png
  artifactKey: Guid(e36d15b65ccd248c19a846616a6767f9) Importer(815301076,1909f56bfc062723c751e8b465ee728b)
Start importing Assets/Map Gen/Textures/Grass.png using Guid(e36d15b65ccd248c19a846616a6767f9) Importer(815301076,1909f56bfc062723c751e8b465ee728b)  -> (artifact id: 'f696aa2d2a9efedd9d6962337968b0a5') in 0.045813 seconds 
========================================================================
Received Import Request.
  Time since last request: 2.906163 seconds.
  path: Assets/Map Gen/Terrain Assets/New Height Map Settings.asset
  artifactKey: Guid(740a13ca91e454c51aeb1f625a396eca) Importer(815301076,1909f56bfc062723c751e8b465ee728b)
Start importing Assets/Map Gen/Terrain Assets/New Height Map Settings.asset using Guid(740a13ca91e454c51aeb1f625a396eca) Importer(815301076,1909f56bfc062723c751e8b465ee728b)  -> (artifact id: '082c39dcf86463d7995d586b26e9afe4') in 0.003245 seconds 
========================================================================
Received Import Request.
  Time since last request: 0.666594 seconds.
  path: Assets/Map Gen/Textures/Rocks 1.png
  artifactKey: Guid(37ad0d4d757814f44ba3bc82d824e4fa) Importer(815301076,1909f56bfc062723c751e8b465ee728b)
Start importing Assets/Map Gen/Textures/Rocks 1.png using Guid(37ad0d4d757814f44ba3bc82d824e4fa) Importer(815301076,1909f56bfc062723c751e8b465ee728b)  -> (artifact id: 'c4412ab2fa10d62cef17892410f8abdc') in 0.010013 seconds 
========================================================================
Received Import Request.
  Time since last request: 0.006630 seconds.
  path: Assets/Map Gen/Textures/Stony ground.png
  artifactKey: Guid(4d29d513ad3914f329ec976bbc4c5519) Importer(815301076,1909f56bfc062723c751e8b465ee728b)
Start importing Assets/Map Gen/Textures/Stony ground.png using Guid(4d29d513ad3914f329ec976bbc4c5519) Importer(815301076,1909f56bfc062723c751e8b465ee728b)  -> (artifact id: '29ee3f233da8f4c772b56e59c4e0aac2') in 0.012016 seconds 
========================================================================
Received Import Request.
  Time since last request: 0.000015 seconds.
  path: Assets/Map Gen/Textures/Snow.png
  artifactKey: Guid(22da49d227e55449d9ab0dbc09fe7f46) Importer(815301076,1909f56bfc062723c751e8b465ee728b)
Start importing Assets/Map Gen/Textures/Snow.png using Guid(22da49d227e55449d9ab0dbc09fe7f46) Importer(815301076,1909f56bfc062723c751e8b465ee728b)  -> (artifact id: '8bac0fae6c40a1435395922e2fdd7daf') in 0.012465 seconds 
========================================================================
Received Import Request.
  Time since last request: 0.000014 seconds.
  path: Assets/Map Gen/Textures/Sandy grass.png
  artifactKey: Guid(78c40a2f18561480eab11b27ad5713aa) Importer(815301076,1909f56bfc062723c751e8b465ee728b)
Start importing Assets/Map Gen/Textures/Sandy grass.png using Guid(78c40a2f18561480eab11b27ad5713aa) Importer(815301076,1909f56bfc062723c751e8b465ee728b)  -> (artifact id: '7ee7675db43bf921e635419e7b860b76') in 0.018850 seconds 
========================================================================
Received Import Request.
  Time since last request: 0.000015 seconds.
  path: Assets/Map Gen/Textures/Tileable noise.png
  artifactKey: Guid(207a0c91ec8434cd3a6e2e6ec7262d41) Importer(815301076,1909f56bfc062723c751e8b465ee728b)
Start importing Assets/Map Gen/Textures/Tileable noise.png using Guid(207a0c91ec8434cd3a6e2e6ec7262d41) Importer(815301076,1909f56bfc062723c751e8b465ee728b)  -> (artifact id: 'd91edb779043977c6ec1d6cad32c6122') in 0.016522 seconds 
========================================================================
Received Prepare
Registering precompiled user dll's ...
Registered in 0.006921 seconds.
Begin MonoManager ReloadAssembly
Symbol file LoadedFromMemory doesn't match image C:\Users\Dev\Chrono Titans\Library\PackageCache\com.unity.visualscripting@1.8.0\Editor\VisualScripting.Core\Dependencies\DotNetZip\Unity.VisualScripting.IonicZip.dll
Symbol file LoadedFromMemory doesn't match image C:\Users\Dev\Chrono Titans\Library\PackageCache\com.unity.visualscripting@1.8.0\Editor\VisualScripting.Core\Dependencies\YamlDotNet\Unity.VisualScripting.YamlDotNet.dll
Native extension for WindowsStandalone target not found
Refreshing native plugins compatible for Editor in 1.08 ms, found 3 plugins.
Preloading 0 native plugins for Editor in 0.00 ms.
Mono: successfully reloaded assembly
- Completed reload, in  1.058 seconds
Domain Reload Profiling:
	ReloadAssembly (1058ms)
		BeginReloadAssembly (110ms)
			ExecutionOrderSort (0ms)
			DisableScriptedObjects (5ms)
			BackupInstance (0ms)
			ReleaseScriptingObjects (0ms)
			CreateAndSetChildDomain (35ms)
		EndReloadAssembly (872ms)
			LoadAssemblies (76ms)
			RebuildTransferFunctionScriptingTraits (0ms)
			SetupTypeCache (234ms)
			ReleaseScriptCaches (2ms)
			RebuildScriptCaches (49ms)
			SetupLoadedEditorAssemblies (479ms)
				LogAssemblyErrors (0ms)
				InitializePlatformSupportModulesInManaged (10ms)
				SetLoadedEditorAssemblies (0ms)
				RefreshPlugins (1ms)
				BeforeProcessingInitializeOnLoad (120ms)
				ProcessInitializeOnLoadAttributes (204ms)
				ProcessInitializeOnLoadMethodAttributes (137ms)
				AfterProcessingInitializeOnLoad (6ms)
				EditorAssembliesLoaded (0ms)
			ExecutionOrderSort2 (0ms)
			AwakeInstancesAfterBackupRestoration (5ms)
Platform modules already initialized, skipping
Refreshing native plugins compatible for Editor in 5.48 ms, found 3 plugins.
Preloading 0 native plugins for Editor in 0.00 ms.
Unloading 5840 Unused Serialized files (Serialized files now loaded: 0)
Unloading 66 unused Assets / (0.7 MB). Loaded Objects now: 6382.
Memory consumption went from 231.1 MB to 230.4 MB.
Total: 6.857200 ms (FindLiveObjects: 0.268700 ms CreateObjectMapping: 0.280400 ms MarkObjects: 6.049100 ms  DeleteObjects: 0.258200 ms)

AssetImportParameters requested are different than current active one (requested -> active):
  custom:video-decoder-ogg-theora: a1e56fd34408186e4bbccfd4996cb3dc -> 
  custom:container-muxer-webm: aa71ff27fc2769a1b78a27578f13a17b -> 
  custom:container-demuxer-webm: 4f35f7cbe854078d1ac9338744f61a02 -> 
  custom:video-encoder-webm-vp8: eb34c28f22e8b96e1ab97ce403110664 -> 
  custom:audio-encoder-webm-vorbis: bf7c407c2cedff20999df2af8eb42d56 -> 
  custom:framework-win-MediaFoundation: 216162199b28c13a410421893ffa2e32 -> 
  custom:container-demuxer-ogg: 62fdf1f143b41e24485cea50d1cbac27 -> 
  custom:video-decoder-webm-vp8: 9c59270c3fd7afecdb556c50c9e8de78 -> 
  custom:audio-decoder-ogg-vorbis: bf7c407c2cedff20999df2af8eb42d56 -> 
========================================================================
Received Import Request.
  Time since last request: 49.767737 seconds.
  path: Packages/com.unity.purchasing/Icons/UnityEngine.Purchasing.IAPButtonIcon.png
  artifactKey: Guid(55e457740fe60405dac77af143e1a867) Importer(815301076,1909f56bfc062723c751e8b465ee728b)
Start importing Packages/com.unity.purchasing/Icons/UnityEngine.Purchasing.IAPButtonIcon.png using Guid(55e457740fe60405dac77af143e1a867) Importer(815301076,1909f56bfc062723c751e8b465ee728b)  -> (artifact id: '2a432b1400f2d7a8e0c7d79a13501753') in 0.036345 seconds 
========================================================================
Received Import Request.
  Time since last request: 0.000020 seconds.
  path: Assets/TextMesh Pro/Examples & Extras/Textures/Wipe Pattern - Radial Quad.psd
  artifactKey: Guid(2b5e9ae96c5644d8bae932f8b4ca68a2) Importer(815301076,1909f56bfc062723c751e8b465ee728b)
Start importing Assets/TextMesh Pro/Examples & Extras/Textures/Wipe Pattern - Radial Quad.psd using Guid(2b5e9ae96c5644d8bae932f8b4ca68a2) Importer(815301076,1909f56bfc062723c751e8b465ee728b)  -> (artifact id: '99dcfa2b05512b8f1237b7adf94010fe') in 0.030901 seconds 
Editor requested this worker to shutdown with reason: Scaling down because of idle timeout
AssetImportWorker is now disconnected from the server
Process exiting
Exiting without the bug reporter. Application will terminate with return code 0